<?xml version="1.0" encoding="UTF-8"?>
<!-- Generated by org.testng.reporters.JUnitReportReporter -->
<testsuite hostname="DESKTOP-05Q0BM7" failures="0" tests="19" name="com.Runner.UniversalClassRunner" time="149.372" errors="0" timestamp="2022-05-22T00:18:23 IST" skipped="0">
  <testcase classname="com.Runner.UniversalClassRunner" name="Scenario" time="7.267"/>
  <system-out/>
  <testcase classname="com.Runner.UniversalClassRunner" name="Scenario" time="7.393"/>
  <system-out/>
  <testcase classname="com.Runner.UniversalClassRunner" name="Scenario" time="11.767"/>
  <system-out/>
  <testcase classname="com.Runner.UniversalClassRunner" name="Scenario" time="7.736"/>
  <system-out/>
  <testcase classname="com.Runner.UniversalClassRunner" name="Scenario" time="7.260"/>
  <system-out/>
  <testcase classname="com.Runner.UniversalClassRunner" name="Scenario" time="9.660"/>
  <system-out/>
  <testcase classname="com.Runner.UniversalClassRunner" name="Scenario" time="5.747"/>
  <system-out/>
  <testcase classname="com.Runner.UniversalClassRunner" name="Scenario" time="5.723"/>
  <system-out/>
  <testcase classname="com.Runner.UniversalClassRunner" name="Scenario" time="7.537"/>
  <system-out/>
  <testcase classname="com.Runner.UniversalClassRunner" name="Scenario" time="6.049"/>
  <system-out/>
  <testcase classname="com.Runner.UniversalClassRunner" name="Scenario" time="8.095"/>
  <system-out/>
  <testcase classname="com.Runner.UniversalClassRunner" name="Scenario" time="10.740"/>
  <system-out/>
  <testcase classname="com.Runner.UniversalClassRunner" name="Scenario" time="6.561"/>
  <system-out/>
  <testcase classname="com.Runner.UniversalClassRunner" name="Scenario" time="7.477"/>
  <system-out/>
  <testcase classname="com.Runner.UniversalClassRunner" name="Scenario" time="9.565"/>
  <system-out/>
  <testcase classname="com.Runner.UniversalClassRunner" name="Scenario" time="9.558"/>
  <system-out/>
  <testcase classname="com.Runner.UniversalClassRunner" name="Scenario" time="7.640"/>
  <system-out/>
  <testcase classname="com.Runner.UniversalClassRunner" name="Scenario" time="6.027"/>
  <system-out/>
  <testcase classname="com.Runner.UniversalClassRunner" name="Scenario" time="7.570"/>
  <system-out/>
</testsuite> <!-- com.Runner.UniversalClassRunner -->
